<?xml version="1.0" encoding="UTF-8"?>
<!-- Generated by org.testng.reporters.JUnitReportReporter -->
<testsuite skipped="0" hostname="Win" name="testngPractice.TestNGLearning2" tests="1" failures="0" timestamp="2021-06-13T23:07:48 EDT" time="0.004" errors="0">
  <testcase name="secondTest" time="0.004" classname="testngPractice.TestNGLearning2"/>
  <system-out/>
</testsuite> <!-- testngPractice.TestNGLearning2 -->
