<?xml version="1.0" encoding="UTF-8"?>
<!-- Generated by org.testng.reporters.JUnitReportReporter -->
<testsuite skipped="0" hostname="Win" name="testngPractice.TestNGLearning" tests="1" failures="0" timestamp="2021-06-13T23:13:46 EDT" time="0.016" errors="0">
  <testcase name="firtTest" time="0.016" classname="testngPractice.TestNGLearning"/>
  <system-out/>
</testsuite> <!-- testngPractice.TestNGLearning -->
